<?xml version="1.0" encoding="UTF-8"?>
<Site BuildName="Win32-mingw32-make"
	BuildStamp="20230711-0744-Experimental"
	Name="LAPTOP-NAJ8TCS1"
	Generator="ctest-3.25.0"
	CompilerName="C:/MinGW/bin/g++.exe"
	CompilerVersion="11.2.0"
	OSName="Windows"
	Hostname="LAPTOP-NAJ8TCS1"
	OSRelease=" Personal"
	OSVersion=" (Build 22621)"
	OSPlatform="AMD64"
	Is64Bits="1"
	VendorString="GenuineIntel"
	VendorID="Intel Corporation"
	FamilyID="6"
	ModelID="12"
	ProcessorCacheSize="-1"
	NumberOfLogicalCPU="8"
	NumberOfPhysicalCPU="4"
	TotalVirtualMemory="18611"
	TotalPhysicalMemory="16179"
	LogicalProcessorsPerPhysical="2"
	ProcessorClockFrequency="2419"
	>
	<Testing>
		<StartDateTime>Jul 11 14:44 SE Asia Standard Time</StartDateTime>
		<StartTestTime>1689061455</StartTestTime>
		<TestList/>
		<EndDateTime>Jul 11 14:44 SE Asia Standard Time</EndDateTime>
		<EndTestTime>1689061455</EndTestTime>
		<ElapsedMinutes>0</ElapsedMinutes>
	</Testing>
</Site>
